mode: set
github.com/konapun/statekit/examples/main.go:13.35,15.2 1 0
github.com/konapun/statekit/examples/main.go:17.42,19.2 1 0
github.com/konapun/statekit/examples/main.go:25.34,27.2 1 0
github.com/konapun/statekit/examples/main.go:29.41,31.2 1 0
github.com/konapun/statekit/examples/main.go:33.13,39.16 3 0
github.com/konapun/statekit/examples/main.go:39.16,42.3 2 0
github.com/konapun/statekit/examples/main.go:45.2,45.78 1 0
github.com/konapun/statekit/examples/main.go:45.78,47.3 1 0
github.com/konapun/statekit/examples/main.go:48.2,59.50 7 0
github.com/konapun/statekit/examples/main.go:59.50,62.3 2 0
github.com/konapun/statekit/examples/main.go:63.2,63.16 1 0
github.com/konapun/statekit/examples/main.go:63.16,66.3 2 0
github.com/konapun/statekit/examples/main.go:69.2,70.52 2 0
github.com/konapun/statekit/state/accessor.go:10.49,15.2 1 1
github.com/konapun/statekit/state/accessor.go:18.62,20.2 1 1
github.com/konapun/statekit/state/accessor.go:23.33,25.2 1 0
github.com/konapun/statekit/state/accessor.go:28.60,30.42 2 1
github.com/konapun/statekit/state/accessor.go:30.42,32.3 1 1
github.com/konapun/statekit/state/accessor.go:33.2,36.12 3 1
github.com/konapun/statekit/state/accessor.go:39.51,40.39 1 1
github.com/konapun/statekit/state/accessor.go:40.39,42.3 1 1
github.com/konapun/statekit/state/observer.go:14.73,18.2 1 1
github.com/konapun/statekit/state/observer.go:21.51,23.2 1 1
github.com/konapun/statekit/state/state.go:9.38,11.29 2 1
github.com/konapun/statekit/state/state.go:11.29,13.3 1 1
github.com/konapun/statekit/state/state.go:14.2,16.3 1 1
github.com/konapun/statekit/state/state.go:20.48,21.34 1 1
github.com/konapun/statekit/state/state.go:21.34,23.3 1 1
github.com/konapun/statekit/state/state.go:24.2,24.34 1 1
github.com/konapun/statekit/state/state.go:27.75,29.16 2 0
github.com/konapun/statekit/state/state.go:29.16,31.3 1 0
github.com/konapun/statekit/state/state.go:33.2,34.9 2 0
github.com/konapun/statekit/state/state.go:34.9,36.3 1 0
github.com/konapun/statekit/state/state.go:38.2,39.22 2 0
