mode: set
github.com/konapun/statekit/examples/main.go:12.34,14.2 1 0
github.com/konapun/statekit/examples/main.go:16.55,19.2 1 0
github.com/konapun/statekit/examples/main.go:21.40,25.2 1 0
github.com/konapun/statekit/examples/main.go:27.13,34.16 4 0
github.com/konapun/statekit/examples/main.go:34.16,37.3 2 0
github.com/konapun/statekit/examples/main.go:40.2,44.49 3 0
github.com/konapun/statekit/examples/main.go:44.49,47.3 2 0
github.com/konapun/statekit/examples/main.go:48.2,48.16 1 0
github.com/konapun/statekit/examples/main.go:48.16,51.3 2 0
github.com/konapun/statekit/examples/main.go:54.2,55.52 2 0
github.com/konapun/statekit/state/accessor.go:10.52,15.2 1 1
github.com/konapun/statekit/state/accessor.go:18.62,20.2 1 1
github.com/konapun/statekit/state/accessor.go:23.33,25.2 1 0
github.com/konapun/statekit/state/accessor.go:28.60,30.42 2 1
github.com/konapun/statekit/state/accessor.go:30.42,32.3 1 1
github.com/konapun/statekit/state/accessor.go:33.2,36.12 3 1
github.com/konapun/statekit/state/accessor.go:39.51,40.39 1 1
github.com/konapun/statekit/state/accessor.go:40.39,42.3 1 1
github.com/konapun/statekit/state/manager.go:9.58,14.2 1 1
github.com/konapun/statekit/state/manager.go:17.72,19.46 1 1
github.com/konapun/statekit/state/manager.go:19.46,21.3 1 1
github.com/konapun/statekit/state/manager.go:24.2,25.16 2 1
github.com/konapun/statekit/state/manager.go:25.16,27.3 1 1
github.com/konapun/statekit/state/manager.go:28.2,30.22 3 1
github.com/konapun/statekit/state/observer.go:14.71,18.2 1 1
github.com/konapun/statekit/state/observer.go:21.51,23.2 1 1
github.com/konapun/statekit/state/state.go:9.49,11.29 2 1
github.com/konapun/statekit/state/state.go:11.29,13.3 1 1
github.com/konapun/statekit/state/state.go:14.2,16.3 1 1
github.com/konapun/statekit/state/state.go:20.47,21.34 1 1
github.com/konapun/statekit/state/state.go:21.34,23.3 1 1
github.com/konapun/statekit/state/state.go:24.2,25.35 2 1
